Prisma models: [
  '_originalClient',
  '_middlewares',
  '_createPrismaPromise',
  '$extends',
  '_extensions',
  '_previewFeatures',
  '_clientVersion',
  '_activeProvider',
  '_globalOmit',
  '_tracingHelper',
  '_errorFormat',
  '_runtimeDataModel',
  '_engineConfig',
  '_accelerateEngineConfig',
  '_engine',
  '_requestHandler',
  '_metrics',
  '_appliedParent',
  'admin_notes',
  'audit_logs',
  'permissions',
  'role_permissions',
  'role',
  'user',
  'jobApplication',
  'refreshToken',
  'category',
  'listing',
  'listingImage',
  'motorListing',
  'jobListing',
  'propertyListing',
  'classifiedListing',
  'electronicListing',
  'furnitureListing',
  'favorite',
  'recentlyViewed',
  'chatRoom',
  'chatMessage',
  'reportedUser',
  'reportedListing',
  'fraudLog',
  'searchLog',
  'supportTicket',
  'supportTicketMessage',
  'notification',
  'systemConfig',
  'designer',
  'designerPortfolio',
  'designerBooking',
  'designerReview',
  'otpRequest',
  '$parent'
]
{"level":30,"time":1774613582529,"env":"development","target":"quaint::pooled","timestamp":"2026-03-27T12:13:02.529Z","msg":"Database info: Starting a mysql pool with 9 connections."}
^C